<?xml version="1.0" encoding="UTF-8"?>
<testsuite name="com.bootcamp.resourceapi.ResourceapiApplicationTests" tests="1" skipped="0" failures="0" errors="0" timestamp="2021-03-10T22:28:30" hostname="Alfredos-MacBook-Pro.local" time="0.551">
  <properties/>
  <testcase name="contextLoads()" classname="com.bootcamp.resourceapi.ResourceapiApplicationTests" time="0.551"/>
  <system-out><![CDATA[17:28:27.242 [Test worker] DEBUG org.springframework.test.context.BootstrapUtils - Instantiating CacheAwareContextLoaderDelegate from class [org.springframework.test.context.cache.DefaultCacheAwareContextLoaderDelegate]
17:28:27.258 [Test worker] DEBUG org.springframework.test.context.BootstrapUtils - Instantiating BootstrapContext using constructor [public org.springframework.test.context.support.DefaultBootstrapContext(java.lang.Class,org.springframework.test.context.CacheAwareContextLoaderDelegate)]
17:28:27.300 [Test worker] DEBUG org.springframework.test.context.BootstrapUtils - Instantiating TestContextBootstrapper for test class [com.bootcamp.resourceapi.ResourceapiApplicationTests] from class [org.springframework.boot.test.context.SpringBootTestContextBootstrapper]
17:28:27.312 [Test worker] INFO org.springframework.boot.test.context.SpringBootTestContextBootstrapper - Neither @ContextConfiguration nor @ContextHierarchy found for test class [com.bootcamp.resourceapi.ResourceapiApplicationTests], using SpringBootContextLoader
17:28:27.316 [Test worker] DEBUG org.springframework.test.context.support.AbstractContextLoader - Did not detect default resource location for test class [com.bootcamp.resourceapi.ResourceapiApplicationTests]: class path resource [com/bootcamp/resourceapi/ResourceapiApplicationTests-context.xml] does not exist
17:28:27.316 [Test worker] DEBUG org.springframework.test.context.support.AbstractContextLoader - Did not detect default resource location for test class [com.bootcamp.resourceapi.ResourceapiApplicationTests]: class path resource [com/bootcamp/resourceapi/ResourceapiApplicationTestsContext.groovy] does not exist
17:28:27.317 [Test worker] INFO org.springframework.test.context.support.AbstractContextLoader - Could not detect default resource locations for test class [com.bootcamp.resourceapi.ResourceapiApplicationTests]: no resource found for suffixes {-context.xml, Context.groovy}.
17:28:27.318 [Test worker] INFO org.springframework.test.context.support.AnnotationConfigContextLoaderUtils - Could not detect default configuration classes for test class [com.bootcamp.resourceapi.ResourceapiApplicationTests]: ResourceapiApplicationTests does not declare any static, non-private, non-final, nested classes annotated with @Configuration.
17:28:27.364 [Test worker] DEBUG org.springframework.test.context.support.ActiveProfilesUtils - Could not find an 'annotation declaring class' for annotation type [org.springframework.test.context.ActiveProfiles] and class [com.bootcamp.resourceapi.ResourceapiApplicationTests]
17:28:27.420 [Test worker] DEBUG org.springframework.context.annotation.ClassPathScanningCandidateComponentProvider - Identified candidate component class: file [/Users/alfredobenaute/bootcamp/resourceapi/build/classes/java/main/com/bootcamp/resourceapi/ResourceapiApplication.class]
17:28:27.421 [Test worker] INFO org.springframework.boot.test.context.SpringBootTestContextBootstrapper - Found @SpringBootConfiguration com.bootcamp.resourceapi.ResourceapiApplication for test class com.bootcamp.resourceapi.ResourceapiApplicationTests
17:28:27.557 [Test worker] DEBUG org.springframework.boot.test.context.SpringBootTestContextBootstrapper - @TestExecutionListeners is not present for class [com.bootcamp.resourceapi.ResourceapiApplicationTests]: using defaults.
17:28:27.558 [Test worker] INFO org.springframework.boot.test.context.SpringBootTestContextBootstrapper - Loaded default TestExecutionListener class names from location [META-INF/spring.factories]: [org.springframework.security.test.context.support.WithSecurityContextTestExecutionListener, org.springframework.security.test.context.support.ReactorContextTestExecutionListener, org.springframework.boot.test.autoconfigure.restdocs.RestDocsTestExecutionListener, org.springframework.boot.test.autoconfigure.web.client.MockRestServiceServerResetTestExecutionListener, org.springframework.boot.test.autoconfigure.web.servlet.MockMvcPrintOnlyOnFailureTestExecutionListener, org.springframework.boot.test.autoconfigure.web.servlet.WebDriverTestExecutionListener, org.springframework.boot.test.autoconfigure.webservices.client.MockWebServiceServerTestExecutionListener, org.springframework.boot.test.mock.mockito.MockitoTestExecutionListener, org.springframework.boot.test.mock.mockito.ResetMocksTestExecutionListener, org.springframework.test.context.web.ServletTestExecutionListener, org.springframework.test.context.support.DirtiesContextBeforeModesTestExecutionListener, org.springframework.test.context.event.ApplicationEventsTestExecutionListener, org.springframework.test.context.support.DependencyInjectionTestExecutionListener, org.springframework.test.context.support.DirtiesContextTestExecutionListener, org.springframework.test.context.transaction.TransactionalTestExecutionListener, org.springframework.test.context.jdbc.SqlScriptsTestExecutionListener, org.springframework.test.context.event.EventPublishingTestExecutionListener]
17:28:27.574 [Test worker] DEBUG org.springframework.boot.test.context.SpringBootTestContextBootstrapper - Skipping candidate TestExecutionListener [org.springframework.test.context.transaction.TransactionalTestExecutionListener] due to a missing dependency. Specify custom listener classes or make the default listener classes and their required dependencies available. Offending class: [org/springframework/transaction/interceptor/TransactionAttributeSource]
17:28:27.575 [Test worker] DEBUG org.springframework.boot.test.context.SpringBootTestContextBootstrapper - Skipping candidate TestExecutionListener [org.springframework.test.context.jdbc.SqlScriptsTestExecutionListener] due to a missing dependency. Specify custom listener classes or make the default listener classes and their required dependencies available. Offending class: [org/springframework/transaction/interceptor/TransactionAttribute]
17:28:27.575 [Test worker] INFO org.springframework.boot.test.context.SpringBootTestContextBootstrapper - Using TestExecutionListeners: [org.springframework.test.context.web.ServletTestExecutionListener@de67477, org.springframework.test.context.support.DirtiesContextBeforeModesTestExecutionListener@7e50315c, org.springframework.test.context.event.ApplicationEventsTestExecutionListener@3ad2a87c, org.springframework.boot.test.mock.mockito.MockitoTestExecutionListener@31f83de9, org.springframework.boot.test.autoconfigure.SpringBootDependencyInjectionTestExecutionListener@f03a26d, org.springframework.test.context.support.DirtiesContextTestExecutionListener@7026a800, org.springframework.security.test.context.support.WithSecurityContextTestExecutionListener@5f186f30, org.springframework.test.context.event.EventPublishingTestExecutionListener@2f7f064f, org.springframework.security.test.context.support.ReactorContextTestExecutionListener@3d7dd907, org.springframework.boot.test.autoconfigure.restdocs.RestDocsTestExecutionListener@78de1000, org.springframework.boot.test.autoconfigure.web.client.MockRestServiceServerResetTestExecutionListener@642381c4, org.springframework.boot.test.autoconfigure.web.servlet.MockMvcPrintOnlyOnFailureTestExecutionListener@33b9be71, org.springframework.boot.test.autoconfigure.web.servlet.WebDriverTestExecutionListener@60dffce0, org.springframework.boot.test.autoconfigure.webservices.client.MockWebServiceServerTestExecutionListener@6889beeb, org.springframework.boot.test.mock.mockito.ResetMocksTestExecutionListener@10dc3f9f]
17:28:27.579 [Test worker] DEBUG org.springframework.test.context.support.AbstractDirtiesContextTestExecutionListener - Before test class: context [DefaultTestContext@1fce62c7 testClass = ResourceapiApplicationTests, testInstance = [null], testMethod = [null], testException = [null], mergedContextConfiguration = [WebMergedContextConfiguration@39254f02 testClass = ResourceapiApplicationTests, locations = '{}', classes = '{class com.bootcamp.resourceapi.ResourceapiApplication}', contextInitializerClasses = '[]', activeProfiles = '{}', propertySourceLocations = '{}', propertySourceProperties = '{org.springframework.boot.test.context.SpringBootTestContextBootstrapper=true}', contextCustomizers = set[org.springframework.boot.test.autoconfigure.actuate.metrics.MetricsExportContextCustomizerFactory$DisableMetricExportContextCustomizer@173ad8a, org.springframework.boot.test.autoconfigure.properties.PropertyMappingContextCustomizer@0, org.springframework.boot.test.autoconfigure.web.servlet.WebDriverContextCustomizerFactory$Customizer@53a90ffc, org.springframework.boot.test.context.filter.ExcludeFilterContextCustomizer@11f9924b, org.springframework.boot.test.json.DuplicateJsonObjectContextCustomizerFactory$DuplicateJsonObjectContextCustomizer@1f27ca8b, org.springframework.boot.test.mock.mockito.MockitoContextCustomizer@0, org.springframework.boot.test.web.client.TestRestTemplateContextCustomizer@a88535a, org.springframework.boot.test.context.SpringBootTestArgs@1, org.springframework.boot.test.context.SpringBootTestWebEnvironment@13c7026a], resourceBasePath = 'src/main/webapp', contextLoader = 'org.springframework.boot.test.context.SpringBootContextLoader', parent = [null]], attributes = map['org.springframework.test.context.web.ServletTestExecutionListener.activateListener' -> true]], class annotated with @DirtiesContext [false] with mode [null].
17:28:27.616 [Test worker] DEBUG org.springframework.test.context.support.TestPropertySourceUtils - Adding inlined properties to environment: {spring.jmx.enabled=false, org.springframework.boot.test.context.SpringBootTestContextBootstrapper=true}

  .   ____          _            __ _ _
 /\\ / ___'_ __ _ _(_)_ __  __ _ \ \ \ \
( ( )\___ | '_ | '_| | '_ \/ _` | \ \ \ \
 \\/  ___)| |_)| | | | | || (_| |  ) ) ) )
  '  |____| .__|_| |_|_| |_\__, | / / / /
 =========|_|==============|___/=/_/_/_/
 :: Spring Boot ::                (v2.4.3)

2021-03-10 17:28:27.935  INFO 13726 --- [    Test worker] c.b.r.ResourceapiApplicationTests        : Starting ResourceapiApplicationTests using Java 13.0.1 on Alfredos-MacBook-Pro.local with PID 13726 (started by alfredobenaute in /Users/alfredobenaute/bootcamp/resourceapi)
2021-03-10 17:28:27.938  INFO 13726 --- [    Test worker] c.b.r.ResourceapiApplicationTests        : No active profile set, falling back to default profiles: default
2021-03-10 17:28:30.301  INFO 13726 --- [    Test worker] o.s.s.web.DefaultSecurityFilterChain     : Will secure any request with [org.springframework.security.web.context.request.async.WebAsyncManagerIntegrationFilter@10f565d6, org.springframework.security.web.context.SecurityContextPersistenceFilter@12951fb5, org.springframework.security.web.header.HeaderWriterFilter@6b4bdf2b, org.springframework.web.filter.CorsFilter@7753e927, org.springframework.security.web.csrf.CsrfFilter@1a04c8bc, org.springframework.security.web.authentication.logout.LogoutFilter@77189cb1, org.springframework.security.oauth2.server.resource.web.BearerTokenAuthenticationFilter@23a2c5f4, org.springframework.security.web.savedrequest.RequestCacheAwareFilter@455af5b3, org.springframework.security.web.servletapi.SecurityContextHolderAwareRequestFilter@2953ed, org.springframework.security.web.authentication.AnonymousAuthenticationFilter@42eb1f5c, org.springframework.security.web.session.SessionManagementFilter@1c190ac8, org.springframework.security.web.access.ExceptionTranslationFilter@34c7344f, org.springframework.security.web.access.intercept.FilterSecurityInterceptor@6f3c9219]
2021-03-10 17:28:30.496  INFO 13726 --- [    Test worker] o.s.s.concurrent.ThreadPoolTaskExecutor  : Initializing ExecutorService 'applicationTaskExecutor'
2021-03-10 17:28:30.715  INFO 13726 --- [    Test worker] c.b.r.ResourceapiApplicationTests        : Started ResourceapiApplicationTests in 3.09 seconds (JVM running for 4.368)
]]></system-out>
  <system-err><![CDATA[]]></system-err>
</testsuite>
